2025-08-28 16:29:50,257 - topic_modeling.is_economic_model.is_economic_model - Training data size:
2025-08-28 16:29:50,262 - topic_modeling.is_economic_model.is_economic_model - Training data size: 17
2025-08-28 16:29:50,312 - root - model evaluation with thrashold=0.22 is: 
               precision    recall  f1-score   support

           0       1.00      0.33      0.50         3
           1       0.33      1.00      0.50         1

    accuracy                           0.50         4
   macro avg       0.67      0.67      0.50         4
weighted avg       0.83      0.50      0.50         4

2025-08-28 17:02:07,743 - topic_modeling.is_economic_model.is_economic_model - Training data size:
2025-08-28 17:02:07,748 - topic_modeling.is_economic_model.is_economic_model - Training data size: 17
2025-08-28 17:02:07,777 - root - model evaluation with thrashold=0.5 is: 
               precision    recall  f1-score   support

           0       0.75      1.00      0.86         3
           1       0.00      0.00      0.00         1

    accuracy                           0.75         4
   macro avg       0.38      0.50      0.43         4
weighted avg       0.56      0.75      0.64         4

2025-08-28 17:02:07,783 - root - model evaluation with thrashold=0.7 is: 
               precision    recall  f1-score   support

           0       0.75      1.00      0.86         3
           1       0.00      0.00      0.00         1

    accuracy                           0.75         4
   macro avg       0.38      0.50      0.43         4
weighted avg       0.56      0.75      0.64         4

2025-08-28 17:02:39,200 - topic_modeling.is_economic_model.is_economic_model - Training data size: 17
2025-08-28 17:03:59,205 - topic_modeling.is_economic_model.is_economic_model - Training data size: 17
2025-08-28 17:03:59,263 - root - model evaluation with thrashold=0.5 is: 
               precision    recall  f1-score   support

           0       0.75      1.00      0.86         3
           1       0.00      0.00      0.00         1

    accuracy                           0.75         4
   macro avg       0.38      0.50      0.43         4
weighted avg       0.56      0.75      0.64         4

2025-08-28 17:03:59,270 - root - model evaluation with thrashold=0.7 is: 
               precision    recall  f1-score   support

           0       0.75      1.00      0.86         3
           1       0.00      0.00      0.00         1

    accuracy                           0.75         4
   macro avg       0.38      0.50      0.43         4
weighted avg       0.56      0.75      0.64         4

2025-08-28 17:10:57,298 - topic_modeling.is_economic_model.is_economic_model - Training data size: 17*0.8
2025-08-28 17:10:57,370 - root - model evaluation with thrashold=0.5 is: 
               precision    recall  f1-score   support

           0       0.75      1.00      0.86         3
           1       0.00      0.00      0.00         1

    accuracy                           0.75         4
   macro avg       0.38      0.50      0.43         4
weighted avg       0.56      0.75      0.64         4

2025-08-28 17:10:57,383 - root - model evaluation with thrashold=0.7 is: 
               precision    recall  f1-score   support

           0       0.75      1.00      0.86         3
           1       0.00      0.00      0.00         1

    accuracy                           0.75         4
   macro avg       0.38      0.50      0.43         4
weighted avg       0.56      0.75      0.64         4

2025-08-28 17:11:43,079 - topic_modeling.is_economic_model.is_economic_model - Training data size: round(13.600000000000001)
2025-08-28 17:11:43,133 - root - model evaluation with thrashold=0.5 is: 
               precision    recall  f1-score   support

           0       0.75      1.00      0.86         3
           1       0.00      0.00      0.00         1

    accuracy                           0.75         4
   macro avg       0.38      0.50      0.43         4
weighted avg       0.56      0.75      0.64         4

2025-08-28 17:11:43,139 - root - model evaluation with thrashold=0.7 is: 
               precision    recall  f1-score   support

           0       0.75      1.00      0.86         3
           1       0.00      0.00      0.00         1

    accuracy                           0.75         4
   macro avg       0.38      0.50      0.43         4
weighted avg       0.56      0.75      0.64         4

2025-08-28 17:12:29,984 - topic_modeling.is_economic_model.is_economic_model - Training data size: 14)
2025-08-28 17:12:30,036 - root - model evaluation with thrashold=0.5 is: 
               precision    recall  f1-score   support

           0       0.75      1.00      0.86         3
           1       0.00      0.00      0.00         1

    accuracy                           0.75         4
   macro avg       0.38      0.50      0.43         4
weighted avg       0.56      0.75      0.64         4

2025-08-28 17:12:30,042 - root - model evaluation with thrashold=0.7 is: 
               precision    recall  f1-score   support

           0       0.75      1.00      0.86         3
           1       0.00      0.00      0.00         1

    accuracy                           0.75         4
   macro avg       0.38      0.50      0.43         4
weighted avg       0.56      0.75      0.64         4

